
F_IN : 10.000000 MHz
S[2:0] | P[5:0] |   M[9:0]   | F_ref  |   F_out (MHz)  |  STEP 
------------------------------------------------------------------
     1 |      4 |  80 ~ 960  | 2.50 M | 100.0 ~ 1200.0 | 1.25 M 
     2 |      2 |  80 ~ 960  | 5.00 M | 100.0 ~ 1200.0 | 1.25 M 

F_IN : 20.000000 MHz
S[2:0] | P[5:0] |   M[9:0]   | F_ref  |   F_out (MHz)  |  STEP 
------------------------------------------------------------------
     1 |      7 |  70 ~ 840  | 2.86 M | 100.0 ~ 1200.0 | 1.43 M 
     1 |      8 |  80 ~ 960  | 2.50 M | 100.0 ~ 1200.0 | 1.25 M 
     2 |      4 |  80 ~ 960  | 5.00 M | 100.0 ~ 1200.0 | 1.25 M 

F_IN : 25.000000 MHz
S[2:0] | P[5:0] |   M[9:0]   | F_ref  |   F_out (MHz)  |  STEP 
------------------------------------------------------------------
     1 |      8 |  64 ~ 768  | 3.12 M | 100.0 ~ 1200.0 | 1.56 M 
     1 |      9 |  72 ~ 864  | 2.78 M | 100.0 ~ 1200.0 | 1.39 M 
     1 |     10 |  80 ~ 960  | 2.50 M | 100.0 ~ 1200.0 | 1.25 M 
     2 |      4 |  64 ~ 768  | 6.25 M | 100.0 ~ 1200.0 | 1.56 M 
     2 |      5 |  80 ~ 960  | 5.00 M | 100.0 ~ 1200.0 | 1.25 M 

F_IN : 40.000000 MHz
S[2:0] | P[5:0] |   M[9:0]   | F_ref  |   F_out (MHz)  |  STEP 
------------------------------------------------------------------
     1 |     13 |  65 ~ 780  | 3.08 M | 100.0 ~ 1200.0 | 1.54 M 
     1 |     14 |  70 ~ 840  | 2.86 M | 100.0 ~ 1200.0 | 1.43 M 
     1 |     15 |  75 ~ 900  | 2.67 M | 100.0 ~ 1200.0 | 1.33 M 
     1 |     16 |  80 ~ 960  | 2.50 M | 100.0 ~ 1200.0 | 1.25 M 
     2 |      7 |  70 ~ 840  | 5.71 M | 100.0 ~ 1200.0 | 1.43 M 
     2 |      8 |  80 ~ 960  | 5.00 M | 100.0 ~ 1200.0 | 1.25 M 

F_IN : 50.000000 MHz
S[2:0] | P[5:0] |   M[9:0]   | F_ref  |   F_out (MHz)  |  STEP 
------------------------------------------------------------------
     1 |     16 |  64 ~ 768  | 3.12 M | 100.0 ~ 1200.0 | 1.56 M 
     1 |     17 |  68 ~ 816  | 2.94 M | 100.0 ~ 1200.0 | 1.47 M 
     1 |     18 |  72 ~ 864  | 2.78 M | 100.0 ~ 1200.0 | 1.39 M 
     1 |     19 |  76 ~ 912  | 2.63 M | 100.0 ~ 1200.0 | 1.32 M 
     1 |     20 |  80 ~ 960  | 2.50 M | 100.0 ~ 1200.0 | 1.25 M 
     1 |     21 |  84 ~ 1008 | 2.38 M | 100.0 ~ 1200.0 | 1.19 M 
     2 |      8 |  64 ~ 768  | 6.25 M | 100.0 ~ 1200.0 | 1.56 M 
     2 |      9 |  72 ~ 864  | 5.56 M | 100.0 ~ 1200.0 | 1.39 M 
     2 |     10 |  80 ~ 960  | 5.00 M | 100.0 ~ 1200.0 | 1.25 M 
-------------------------------------------------------------------

